<?xml version="1.0" encoding="UTF-8"?>
<!-- Generated by org.testng.reporters.JUnitReportReporter -->
<testsuite hostname="DESKTOP-1HP5QV0" failures="0" tests="1" name="testBookMovieTicket.Test_Book_Movie_Ticket" time="95.961" errors="0" timestamp="2023-03-09T09:12:39 IST" skipped="0">
  <testcase classname="testBookMovieTicket.Test_Book_Movie_Ticket" name="testBooking" time="95.961"/>
  <system-out/>
</testsuite> <!-- testBookMovieTicket.Test_Book_Movie_Ticket -->
