<?xml version="1.0" encoding="UTF-8"?>
<!-- Generated by org.testng.reporters.JUnitReportReporter -->
<testsuite hostname="DESKTOP-1HP5QV0" failures="0" tests="1" name="testBookMovieTicket.Test_Book_Movie_Ticket" time="89.214" errors="0" timestamp="2023-03-09T08:48:19 IST" skipped="0">
  <testcase classname="testBookMovieTicket.Test_Book_Movie_Ticket" name="testBooking" time="89.214"/>
  <system-out/>
</testsuite> <!-- testBookMovieTicket.Test_Book_Movie_Ticket -->
